<?xml version="1.0" encoding="UTF-8"?>
<!-- Generated by org.testng.reporters.JUnitReportReporter -->
<testsuite skipped="0" hostname="Ger-PC" name="TestearCosas.TestearCosas.Tests" tests="1" failures="0" timestamp="27 dic 2018 10:10:21 GMT" time="0.021" errors="0">
  <testcase name="testNumeroVerdadero" time="0.021" classname="TestearCosas.TestearCosas.Tests"/>
</testsuite> <!-- TestearCosas.TestearCosas.Tests -->
